<?xml version="1.0" encoding="UTF-8"?>
<testng-results ignored="0" total="1" passed="0" failed="1" skipped="0">
  <reporter-output>
    <line>
      <![CDATA[Server Conncton Done ]]>
    </line>
    <line>
      <![CDATA[Project Start ]]>
    </line>
    <line>
      <![CDATA[DataBase Conncton Done ]]>
    </line>
    <line>
      <![CDATA[Browser Opening  Done ]]>
    </line>
    <line>
      <![CDATA[Login Done ]]>
    </line>
    <line>
      <![CDATA[Test case Start]]>
    </line>
    <line>
      <![CDATA[ScreenShot Completed : readDataFromExcel]]>
    </line>
    <line>
      <![CDATA[Logout Done  ]]>
    </line>
    <line>
      <![CDATA[ Browser Closed  ]]>
    </line>
    <line>
      <![CDATA[Project Finished]]>
    </line>
    <line>
      <![CDATA[DataBase Conncton Closed ]]>
    </line>
    <line>
      <![CDATA[Server Conncton Closed ]]>
    </line>
  </reporter-output>
  <suite started-at="2024-08-09T10:35:54 IST" name="Suite" finished-at="2024-08-09T10:36:06 IST" duration-ms="12500">
    <groups>
    </groups>
    <test started-at="2024-08-09T10:35:54 IST" name="Test" finished-at="2024-08-09T10:36:06 IST" duration-ms="12500">
      <class name="com.Ecommerce.TextCase3">
        <test-method is-config="true" signature="serverConection()[pri:0, instance:com.Ecommerce.TextCase3@534a5a98]" started-at="2024-08-09T10:35:53 IST" name="serverConection" finished-at="2024-08-09T10:35:54 IST" duration-ms="20" status="PASS">
          <reporter-output>
            <line>
              <![CDATA[Server Conncton Done ]]>
            </line>
          </reporter-output>
        </test-method> <!-- serverConection -->
        <test-method is-config="true" signature="dataBase()[pri:0, instance:com.Ecommerce.TextCase3@534a5a98]" started-at="2024-08-09T10:35:54 IST" name="dataBase" finished-at="2024-08-09T10:35:54 IST" duration-ms="1" status="PASS">
          <reporter-output>
            <line>
              <![CDATA[DataBase Conncton Done ]]>
            </line>
          </reporter-output>
        </test-method> <!-- dataBase -->
        <test-method is-config="true" signature="openBrowser(java.lang.String)[pri:0, instance:com.Ecommerce.TextCase3@534a5a98]" started-at="2024-08-09T10:35:54 IST" name="openBrowser" finished-at="2024-08-09T10:36:01 IST" duration-ms="7667" status="PASS">
          <params>
            <param index="0">
              <value>
                <![CDATA[edge]]>
              </value>
            </param>
          </params>
          <reporter-output>
            <line>
              <![CDATA[Browser Opening  Done ]]>
            </line>
          </reporter-output>
        </test-method> <!-- openBrowser -->
        <test-method is-config="true" signature="login()[pri:0, instance:com.Ecommerce.TextCase3@534a5a98]" started-at="2024-08-09T10:36:01 IST" name="login" finished-at="2024-08-09T10:36:01 IST" duration-ms="142" status="PASS">
          <reporter-output>
            <line>
              <![CDATA[Login Done ]]>
            </line>
          </reporter-output>
        </test-method> <!-- login -->
        <test-method signature="readDataFromExcel()[pri:0, instance:com.Ecommerce.TextCase3@534a5a98]" started-at="2024-08-09T10:36:01 IST" name="readDataFromExcel" finished-at="2024-08-09T10:36:04 IST" duration-ms="2505" status="FAIL">
          <exception class="java.lang.NullPointerException">
            <message>
              <![CDATA[Cannot invoke "org.apache.poi.ss.usermodel.DataFormatter.formatCellValue(org.apache.poi.ss.usermodel.Cell)" because "this.df" is null]]>
            </message>
            <full-stacktrace>
              <![CDATA[java.lang.NullPointerException: Cannot invoke "org.apache.poi.ss.usermodel.DataFormatter.formatCellValue(org.apache.poi.ss.usermodel.Cell)" because "this.df" is null
at com.Ecommerce.generic.excelfile.utility.FeatchTheDataFromExcelfile.readDataFromExcel(FeatchTheDataFromExcelfile.java:44)
at com.Ecommerce.TextCase3.readDataFromExcel(TextCase3.java:17)
at java.base/jdk.internal.reflect.NativeMethodAccessorImpl.invoke0(Native Method)
at java.base/jdk.internal.reflect.NativeMethodAccessorImpl.invoke(NativeMethodAccessorImpl.java:77)
at java.base/jdk.internal.reflect.DelegatingMethodAccessorImpl.invoke(DelegatingMethodAccessorImpl.java:43)
at java.base/java.lang.reflect.Method.invoke(Method.java:568)
at org.testng.internal.MethodInvocationHelper.invokeMethod(MethodInvocationHelper.java:133)
at org.testng.internal.TestInvoker.invokeMethod(TestInvoker.java:598)
at org.testng.internal.TestInvoker.invokeTestMethod(TestInvoker.java:173)
at org.testng.internal.MethodRunner.runInSequence(MethodRunner.java:46)
at org.testng.internal.TestInvoker$MethodInvocationAgent.invoke(TestInvoker.java:824)
at org.testng.internal.TestInvoker.invokeTestMethods(TestInvoker.java:146)
at org.testng.internal.TestMethodWorker.invokeTestMethods(TestMethodWorker.java:146)
at org.testng.internal.TestMethodWorker.run(TestMethodWorker.java:128)
at java.base/java.util.ArrayList.forEach(ArrayList.java:1511)
at org.testng.TestRunner.privateRun(TestRunner.java:794)
at org.testng.TestRunner.run(TestRunner.java:596)
at org.testng.SuiteRunner.runTest(SuiteRunner.java:377)
at org.testng.SuiteRunner.runSequentially(SuiteRunner.java:371)
at org.testng.SuiteRunner.privateRun(SuiteRunner.java:332)
at org.testng.SuiteRunner.run(SuiteRunner.java:276)
at org.testng.SuiteRunnerWorker.runSuite(SuiteRunnerWorker.java:53)
at org.testng.SuiteRunnerWorker.run(SuiteRunnerWorker.java:96)
at org.testng.TestNG.runSuitesSequentially(TestNG.java:1212)
at org.testng.TestNG.runSuitesLocally(TestNG.java:1134)
at org.testng.TestNG.runSuites(TestNG.java:1063)
at org.testng.TestNG.run(TestNG.java:1031)
at org.testng.remote.AbstractRemoteTestNG.run(AbstractRemoteTestNG.java:115)
at org.testng.remote.RemoteTestNG.initAndRun(RemoteTestNG.java:251)
at org.testng.remote.RemoteTestNG.main(RemoteTestNG.java:77)
]]>
            </full-stacktrace>
          </exception> <!-- java.lang.NullPointerException -->
          <reporter-output>
            <line>
              <![CDATA[Test case Start]]>
            </line>
            <line>
              <![CDATA[ScreenShot Completed : readDataFromExcel]]>
            </line>
          </reporter-output>
        </test-method> <!-- readDataFromExcel -->
        <test-method is-config="true" signature="logout()[pri:0, instance:com.Ecommerce.TextCase3@534a5a98]" started-at="2024-08-09T10:36:04 IST" name="logout" finished-at="2024-08-09T10:36:04 IST" duration-ms="1" status="PASS">
          <reporter-output>
            <line>
              <![CDATA[Logout Done  ]]>
            </line>
          </reporter-output>
        </test-method> <!-- logout -->
        <test-method is-config="true" signature="closeBrowser()[pri:0, instance:com.Ecommerce.TextCase3@534a5a98]" started-at="2024-08-09T10:36:04 IST" name="closeBrowser" finished-at="2024-08-09T10:36:06 IST" duration-ms="1801" status="PASS">
          <reporter-output>
            <line>
              <![CDATA[ Browser Closed  ]]>
            </line>
          </reporter-output>
        </test-method> <!-- closeBrowser -->
        <test-method is-config="true" signature="closeDataBase()[pri:0, instance:com.Ecommerce.TextCase3@534a5a98]" started-at="2024-08-09T10:36:06 IST" name="closeDataBase" finished-at="2024-08-09T10:36:06 IST" duration-ms="1" status="PASS">
          <reporter-output>
            <line>
              <![CDATA[DataBase Conncton Closed ]]>
            </line>
          </reporter-output>
        </test-method> <!-- closeDataBase -->
        <test-method is-config="true" signature="closeServer()[pri:0, instance:com.Ecommerce.TextCase3@534a5a98]" started-at="2024-08-09T10:36:06 IST" name="closeServer" finished-at="2024-08-09T10:36:06 IST" duration-ms="1" status="PASS">
          <reporter-output>
            <line>
              <![CDATA[Server Conncton Closed ]]>
            </line>
          </reporter-output>
        </test-method> <!-- closeServer -->
      </class> <!-- com.Ecommerce.TextCase3 -->
    </test> <!-- Test -->
  </suite> <!-- Suite -->
</testng-results>
