<?xml version="1.0" encoding="UTF-8"?>
<!-- Generated by org.testng.reporters.JUnitXMLReporter -->
<testsuite ignored="4" hostname="DESKTOP-IQ8BD54" failures="0" tests="2" name="Test2" time="0.017" errors="0" timestamp="2024-08-08T10:45:44 IST">
  <testcase classname="com.Ecommerce.MensProudct.MensTshirtTest" name="addToCart" time="0.002"/>
  <testcase classname="com.Ecommerce.MensProudct.MensProductTest" name="addToCart" time="0.003"/>
  <testcase classname="com.Ecommerce.MensProudct.MensTshirtTest" name="deleteProduct" time="0.0">
    <ignored/>
  </testcase> <!-- deleteProduct -->
  <testcase classname="com.Ecommerce.MensProudct.MensProductTest" name="updateProuduct" time="0.0">
    <ignored/>
  </testcase> <!-- updateProuduct -->
  <testcase classname="com.Ecommerce.MensProudct.MensProductTest" name="deleteProduct" time="0.0">
    <ignored/>
  </testcase> <!-- deleteProduct -->
  <testcase classname="com.Ecommerce.MensProudct.MensTshirtTest" name="updateProuduct" time="0.0">
    <ignored/>
  </testcase> <!-- updateProuduct -->
</testsuite> <!-- Test2 -->
