<?xml version="1.0" encoding="UTF-8"?>
<!-- Generated by org.testng.reporters.JUnitXMLReporter -->
<testsuite ignored="4" hostname="DESKTOP-IQ8BD54" failures="0" tests="2" name="Test1" time="0.081" errors="0" timestamp="2024-08-08T10:45:44 IST">
  <testcase classname="com.Ecommerce.MensProudct.MensTrouserProductTest" name="addToCart" time="0.012"/>
  <testcase classname="com.Ecommerce.MensProudct.MensShirtProudctTest" name="addToCart" time="0.002"/>
  <testcase classname="com.Ecommerce.MensProudct.MensShirtProudctTest" name="deleteProduct" time="0.0">
    <ignored/>
  </testcase> <!-- deleteProduct -->
  <testcase classname="com.Ecommerce.MensProudct.MensTrouserProductTest" name="updateProuduct" time="0.0">
    <ignored/>
  </testcase> <!-- updateProuduct -->
  <testcase classname="com.Ecommerce.MensProudct.MensTrouserProductTest" name="deleteProduct" time="0.0">
    <ignored/>
  </testcase> <!-- deleteProduct -->
  <testcase classname="com.Ecommerce.MensProudct.MensShirtProudctTest" name="updateProuduct" time="0.0">
    <ignored/>
  </testcase> <!-- updateProuduct -->
</testsuite> <!-- Test1 -->
