<?xml version="1.0" encoding="UTF-8"?>
<!-- Generated by org.testng.reporters.JUnitXMLReporter -->
<testsuite ignored="0" hostname="DESKTOP-IQ8BD54" failures="1" tests="1" name="Test" time="12.5" errors="0" timestamp="2024-08-09T10:36:06 IST">
  <testcase classname="com.Ecommerce.TextCase3" name="readDataFromExcel" time="2.505">
    <failure type="java.lang.NullPointerException" message="Cannot invoke &amp;quot;org.apache.poi.ss.usermodel.DataFormatter.formatCellValue(org.apache.poi.ss.usermodel.Cell)&amp;quot; because &amp;quot;this.df&amp;quot; is null">
      <![CDATA[java.lang.NullPointerException: Cannot invoke "org.apache.poi.ss.usermodel.DataFormatter.formatCellValue(org.apache.poi.ss.usermodel.Cell)" because "this.df" is null
at com.Ecommerce.generic.excelfile.utility.FeatchTheDataFromExcelfile.readDataFromExcel(FeatchTheDataFromExcelfile.java:44)
at com.Ecommerce.TextCase3.readDataFromExcel(TextCase3.java:17)
at java.base/java.util.ArrayList.forEach(ArrayList.java:1511)
... Removed 27 stack frames]]>
    </failure>
  </testcase> <!-- readDataFromExcel -->
</testsuite> <!-- Test -->
